<?xml version="1.0" encoding="UTF-8"?>
<!-- Generated by org.testng.reporters.JUnitReportReporter -->
<testsuite hostname="LAPTOP-GCEPLDKO" failures="0" tests="1" name="testRunnerP2022327V1.TestRunnerP2022327V1" time="11.124" errors="0" timestamp="2022-05-03T14:26:58 PDT" skipped="0">
  <testcase classname="testRunnerP2022327V1.TestRunnerP2022327V1" name="feature" time="11.124"/>
  <system-out/>
</testsuite> <!-- testRunnerP2022327V1.TestRunnerP2022327V1 -->
